2025-04-14-18:01:02 - 📅 Next AIRAC effective date: 2025-04-17
2025-04-14-18:01:02 - 📡 Downloading 28DaySubscription_Effective_2025-04-17.zip from https://nfdc.faa.gov/webContent/28DaySub/28DaySubscription_Effective_2025-04-17.zip...
2025-04-14-18:01:02 - ✅ Download complete: /data/build_databases/28DaySubscription_Effective_2025-04-17.zip
2025-04-14-18:04:13 - 📅 Next AIRAC effective date: 2025-04-17
2025-04-14-18:04:13 - ✅ Already downloaded: 28DaySubscription_Effective_2025-04-17.zip
2025-04-14-18:04:32 - 📅 Next AIRAC effective date: 2025-04-17
2025-04-14-18:04:32 - 📡 Downloading 28DaySubscription_Effective_2025-04-17.zip from https://nfdc.faa.gov/webContent/28DaySub/28DaySubscription_Effective_2025-04-17.zip...
2025-04-14-18:04:32 - ✅ Download complete: /data/build_databases/zip/28DaySubscription_Effective_2025-04-17.zip
2025-04-24-18:09:59 - 📅 Next AIRAC effective date: 2025-05-15
2025-04-24-18:09:59 - 📡 Downloading 28DaySubscription_Effective_2025-05-15.zip from https://nfdc.faa.gov/webContent/28DaySub/28DaySubscription_Effective_2025-05-15.zip...
2025-04-24-18:09:59 - ❌ Error downloading file: [Errno 2] No such file or directory: '/data/build_databases/zip/28DaySubscription_Effective_2025-05-15.zip'
2025-04-24-18:13:27 - 📅 Next AIRAC effective date: 2025-05-15
2025-04-24-18:13:27 - 📡 Downloading 28DaySubscription_Effective_2025-05-15.zip from https://nfdc.faa.gov/webContent/28DaySub/28DaySubscription_Effective_2025-05-15.zip...
2025-04-24-18:13:27 - ✅ Download complete: /data/build_databases/zip/28DaySubscription_Effective_2025-05-15.zip
2025-04-25-00:00:02 - 📅 Next AIRAC effective date: 2025-05-15
2025-04-25-00:00:02 - ✅ Already downloaded: 28DaySubscription_Effective_2025-05-15.zip
2025-04-26-00:00:01 - 📅 Next AIRAC effective date: 2025-05-15
2025-04-26-00:00:01 - ✅ Already downloaded: 28DaySubscription_Effective_2025-05-15.zip
2025-04-27-00:00:01 - 📅 Next AIRAC effective date: 2025-05-15
2025-04-27-00:00:01 - ✅ Already downloaded: 28DaySubscription_Effective_2025-05-15.zip
2025-04-28-00:00:01 - 📅 Next AIRAC effective date: 2025-05-15
2025-04-28-00:00:01 - ✅ Already downloaded: 28DaySubscription_Effective_2025-05-15.zip
2025-04-28-16:02:37 - 📅 Next AIRAC effective date: 2025-05-15
2025-04-28-16:02:37 - ✅ Already downloaded: 28DaySubscription_Effective_2025-05-15.zip
2025-04-28-16:03:32 - 📅 Next AIRAC effective date: 2025-05-15
2025-04-28-16:03:32 - ✅ Already downloaded: 28DaySubscription_Effective_2025-05-15.zip
2025-04-29-00:00:01 - 📅 Next AIRAC effective date: 2025-05-15
2025-04-29-00:00:01 - ✅ Already downloaded: 28DaySubscription_Effective_2025-05-15.zip
2025-04-30-00:00:01 - 📅 Next AIRAC effective date: 2025-05-15
2025-04-30-00:00:01 - ✅ Already downloaded: 28DaySubscription_Effective_2025-05-15.zip
2025-05-01-00:00:01 - 📅 Next AIRAC effective date: 2025-05-15
2025-05-01-00:00:01 - ✅ Already downloaded: 28DaySubscription_Effective_2025-05-15.zip
2025-05-02-00:00:01 - 📅 Next AIRAC effective date: 2025-05-15
2025-05-02-00:00:01 - ✅ Already downloaded: 28DaySubscription_Effective_2025-05-15.zip
2025-05-03-00:00:01 - 📅 Next AIRAC effective date: 2025-05-15
2025-05-03-00:00:01 - ✅ Already downloaded: 28DaySubscription_Effective_2025-05-15.zip
2025-05-04-00:00:02 - 📅 Next AIRAC effective date: 2025-05-15
2025-05-04-00:00:02 - ✅ Already downloaded: 28DaySubscription_Effective_2025-05-15.zip
2025-05-05-00:00:01 - 📅 Next AIRAC effective date: 2025-05-15
2025-05-05-00:00:01 - ✅ Already downloaded: 28DaySubscription_Effective_2025-05-15.zip
2025-05-05-11:41:45 - 📅 Next AIRAC effective date: 2025-05-15
2025-05-05-11:41:45 - ✅ Already downloaded: 28DaySubscription_Effective_2025-05-15.zip
2025-05-06-00:00:01 - 📅 Next AIRAC effective date: 2025-05-15
2025-05-06-00:00:01 - ✅ Already downloaded: 28DaySubscription_Effective_2025-05-15.zip
2025-05-07-00:00:01 - 📅 Next AIRAC effective date: 2025-05-15
2025-05-07-00:00:01 - ✅ Already downloaded: 28DaySubscription_Effective_2025-05-15.zip
2025-05-08-00:00:01 - 📅 Next AIRAC effective date: 2025-05-15
2025-05-08-00:00:01 - ✅ Already downloaded: 28DaySubscription_Effective_2025-05-15.zip
2025-05-09-00:00:01 - 📅 Next AIRAC effective date: 2025-05-15
2025-05-09-00:00:01 - ✅ Already downloaded: 28DaySubscription_Effective_2025-05-15.zip
2025-05-10-00:00:01 - 📅 Next AIRAC effective date: 2025-05-15
2025-05-10-00:00:01 - ✅ Already downloaded: 28DaySubscription_Effective_2025-05-15.zip
2025-05-11-00:00:04 - 📅 Next AIRAC effective date: 2025-05-15
2025-05-11-00:00:04 - ✅ Already downloaded: 28DaySubscription_Effective_2025-05-15.zip
2025-05-12-00:00:01 - 📅 Next AIRAC effective date: 2025-05-15
2025-05-12-00:00:01 - ✅ Already downloaded: 28DaySubscription_Effective_2025-05-15.zip
2025-05-13-00:00:01 - 📅 Next AIRAC effective date: 2025-05-15
2025-05-13-00:00:01 - ✅ Already downloaded: 28DaySubscription_Effective_2025-05-15.zip
2025-05-14-00:00:01 - 📅 Next AIRAC effective date: 2025-05-15
2025-05-14-00:00:01 - ✅ Already downloaded: 28DaySubscription_Effective_2025-05-15.zip
2025-05-15-00:00:01 - 📅 Next AIRAC effective date: 2025-06-12
2025-05-15-00:00:01 - 📡 Downloading 28DaySubscription_Effective_2025-06-12.zip from https://nfdc.faa.gov/webContent/28DaySub/28DaySubscription_Effective_2025-06-12.zip...
2025-05-15-00:00:01 - ✅ Download complete: /data/build_databases/zip/28DaySubscription_Effective_2025-06-12.zip
2025-05-16-00:00:01 - 📅 Next AIRAC effective date: 2025-06-12
2025-05-16-00:00:01 - ✅ Already downloaded: 28DaySubscription_Effective_2025-06-12.zip
2025-05-17-00:00:02 - 📅 Next AIRAC effective date: 2025-06-12
2025-05-17-00:00:02 - ✅ Already downloaded: 28DaySubscription_Effective_2025-06-12.zip
2025-05-18-00:00:01 - 📅 Next AIRAC effective date: 2025-06-12
2025-05-18-00:00:01 - ✅ Already downloaded: 28DaySubscription_Effective_2025-06-12.zip
2025-05-19-00:00:01 - 📅 Next AIRAC effective date: 2025-06-12
2025-05-19-00:00:01 - ✅ Already downloaded: 28DaySubscription_Effective_2025-06-12.zip
2025-05-20-00:00:01 - 📅 Next AIRAC effective date: 2025-06-12
2025-05-20-00:00:01 - ✅ Already downloaded: 28DaySubscription_Effective_2025-06-12.zip
2025-05-21-00:00:01 - 📅 Next AIRAC effective date: 2025-06-12
2025-05-21-00:00:01 - ✅ Already downloaded: 28DaySubscription_Effective_2025-06-12.zip
2025-05-22-00:00:01 - 📅 Next AIRAC effective date: 2025-06-12
2025-05-22-00:00:01 - ✅ Already downloaded: 28DaySubscription_Effective_2025-06-12.zip
2025-05-23-00:00:01 - 📅 Next AIRAC effective date: 2025-06-12
2025-05-23-00:00:01 - ✅ Already downloaded: 28DaySubscription_Effective_2025-06-12.zip
2025-05-24-00:00:01 - 📅 Next AIRAC effective date: 2025-06-12
2025-05-24-00:00:01 - ✅ Already downloaded: 28DaySubscription_Effective_2025-06-12.zip
2025-05-25-00:00:01 - 📅 Next AIRAC effective date: 2025-06-12
2025-05-25-00:00:01 - ✅ Already downloaded: 28DaySubscription_Effective_2025-06-12.zip
2025-05-26-00:00:01 - 📅 Next AIRAC effective date: 2025-06-12
2025-05-26-00:00:01 - ✅ Already downloaded: 28DaySubscription_Effective_2025-06-12.zip
2025-05-27-00:00:01 - 📅 Next AIRAC effective date: 2025-06-12
2025-05-27-00:00:01 - ✅ Already downloaded: 28DaySubscription_Effective_2025-06-12.zip
2025-05-28-00:00:01 - 📅 Next AIRAC effective date: 2025-06-12
2025-05-28-00:00:01 - ✅ Already downloaded: 28DaySubscription_Effective_2025-06-12.zip
2025-05-29-00:00:01 - 📅 Next AIRAC effective date: 2025-06-12
2025-05-29-00:00:01 - ✅ Already downloaded: 28DaySubscription_Effective_2025-06-12.zip
2025-05-30-00:00:01 - 📅 Next AIRAC effective date: 2025-06-12
2025-05-30-00:00:01 - ✅ Already downloaded: 28DaySubscription_Effective_2025-06-12.zip
2025-05-31-00:00:01 - 📅 Next AIRAC effective date: 2025-06-12
2025-05-31-00:00:01 - ✅ Already downloaded: 28DaySubscription_Effective_2025-06-12.zip
2025-06-01-00:00:01 - 📅 Next AIRAC effective date: 2025-06-12
2025-06-01-00:00:01 - ✅ Already downloaded: 28DaySubscription_Effective_2025-06-12.zip
2025-06-02-00:00:01 - 📅 Next AIRAC effective date: 2025-06-12
2025-06-02-00:00:01 - ✅ Already downloaded: 28DaySubscription_Effective_2025-06-12.zip
2025-06-03-00:00:02 - 📅 Next AIRAC effective date: 2025-06-12
2025-06-03-00:00:02 - ✅ Already downloaded: 28DaySubscription_Effective_2025-06-12.zip
2026-05-10-00:00:01 - 📅 Next AIRAC effective date: 2026-05-14
2026-05-10-00:00:01 - ✅ Already downloaded: 28DaySubscription_Effective_2026-05-14.zip
2026-05-11-00:00:01 - 📅 Next AIRAC effective date: 2026-05-14
2026-05-11-00:00:01 - ✅ Already downloaded: 28DaySubscription_Effective_2026-05-14.zip
2026-05-12-00:00:02 - 📅 Next AIRAC effective date: 2026-05-14
2026-05-12-00:00:02 - ✅ Already downloaded: 28DaySubscription_Effective_2026-05-14.zip
